<?xml version='1.0' encoding='UTF-8'?>
<testsuite hostname="LAPTOP-OLOKS0CM" name="core.decode.ControlUnitTest" tests="1" errors="0" failures="0" skipped="0" time="0.194" timestamp="2024-05-22T21:32:09">
          <properties>
      <property name="java.specification.version" value="17"/><property name="sun.cpu.isalist" value="amd64"/><property name="sun.jnu.encoding" value="GBK"/><property name="sun.arch.data.model" value="64"/><property name="sbt.supershell" value="false"/><property name="java.vendor.url" value="https://java.oracle.com/"/><property name="sun.boot.library.path" value="C:\Program Files\Java\jdk-17.0.4.1\bin"/><property name="sun.java.command" value="C:\Users\86136\AppData\Roaming\JetBrains\IntelliJIdea2023.3\plugins\Scala\launcher\sbt-launch.jar early(addPluginSbtFile=&quot;&quot;&quot;C:\Users\86136\AppData\Local\Temp\idea.sbt&quot;&quot;&quot;) ; set ideaPort in Global := 12809 ; idea-shell"/><property name="jdk.debug" value="release"/><property name="sun.stderr.encoding" value="ms936"/><property name="java.specification.vendor" value="Oracle Corporation"/><property name="java.version.date" value="2022-08-18"/><property name="java.home" value="C:\Program Files\Java\jdk-17.0.4.1"/><property name="file.separator" value="\"/><property name="java.vm.compressedOopsMode" value="32-bit"/><property name="line.separator" value="
"/><property name="sun.stdout.encoding" value="ms936"/><property name="java.vm.specification.vendor" value="Oracle Corporation"/><property name="java.specification.name" value="Java Platform API Specification"/><property name="idea.installation.dir" value="E:\ProgramFiles4\IntelliJ IDEA 2023.3.5"/><property name="user.script" value=""/><property name="sun.management.compiler" value="HotSpot 64-Bit Tiered Compilers"/><property name="java.runtime.version" value="17.0.4.1+1-LTS-2"/><property name="user.name" value="86136"/><property name="log4j.ignoreTCL" value="true"/><property name="file.encoding" value="UTF-8"/><property name="jnidispatch.path" value="C:\Users\86136\AppData\Local\Temp\jna-53374614\jna18126028177016722604.dll"/><property name="jna.loaded" value="true"/><property name="java.io.tmpdir" value="C:\Users\86136\AppData\Local\Temp\"/><property name="java.version" value="17.0.4.1"/><property name="java.vm.specification.name" value="Java Virtual Machine Specification"/><property name="sun.os.patch.level" value=""/><property name="native.encoding" value="GBK"/><property name="java.library.path" value="C:\Program Files\Java\jdk-17.0.4.1\bin;C:\WINDOWS\Sun\Java\bin;C:\WINDOWS\system32;C:\WINDOWS;E:\ProgramFiles4\Python\Python3913\Scripts\;E:\ProgramFiles4\Python\Python3913\;C:\Program Files\Java\jdk-1.8\bin;C:\Program Files\PlasticSCM5\server;C:\Program Files\PlasticSCM5\client;C:\Program Files (x86)\VMware\VMware Workstation\bin\;C:\Program Files\Common Files\Oracle\Java\javapath;C:\Program Files (x86)\Common Files\Oracle\Java\java8path;C:\Program Files (x86)\Common Files\Oracle\Java\javapath;C:\Program Files (x86)\Common Files\Intel\Shared Libraries\redist\intel64\compiler;C:\Windows\system32;C:\Windows;C:\Windows\System32\Wbem;C:\Windows\System32\WindowsPowerShell\v1.0\;C:\Windows\System32\OpenSSH\;C:\Program Files (x86)\NVIDIA Corporation\PhysX\Common;C:\Program Files\NVIDIA Corporation\NVIDIA NvDLISR;C:\Program Files\dotnet\;D:\Program Files 2\Git\cmd;C:\WINDOWS\system32;C:\WINDOWS;C:\WINDOWS\System32\Wbem;C:\WINDOWS\System32\WindowsPowerShell\v1.0\;C:\WINDOWS\System32\OpenSSH\;C:\Users\86136\AppData\Local\Programs\Python\Python39;C:\Users\86136\AppData\Local\Programs\Python\Python39\Scripts;C:\Program Files\Microsoft SQL Server\150\Tools\Binn\;D:\Program Files 2\OpenSim\OpenSim 4.4\bin;C:\JAVA_Environment\MySQL\mysql-8.0.33-winx64\bin;:\Program Files\Apache Software Foundation\apache-tomcat-9.0.78\bin;:\Program Files\Apache Software Foundation\apache-tomcat-9.0.78\lib;C:\Program Files\nodejs\;E:\Program Files 3\MATLAB\R2023a\bin;E:\Program Files 3\Lingo 18.0\;E:\Program Files 3\Xftp 7\;D:\Program Files 2\MySQL 5.7\mysql-5.7.42-winx64\bin;C:\Program Files\Java\jdk-17.0.4.1\bin;C:\Program Files\OpenSSL-Win64\bin;C:\Program Files (x86)\Prince\engine\bin;E:\Program Files 3\PostgreSQL\15\bin;E:\ProgramFiles4\Xilinx\Vivado\2017.4\bin;E:\ProgramFiles4\PostgreSQL\15\bin;E:\ProgramFiles4\Cygwin\bin;E:\ProgramFiles4\Graphviz\bin;E:\ProgramFiles4\curl-8.6.0_3-win64-mingw\curl-8.6.0_3-win64-mingw\bin;E:\ProgramFiles4\BIND\BIND9.16.48.x64;E:\ProgramFiles4\riscv-gcc\xpack-riscv-none-elf-gcc-13.2.0-2-win32-x64\xpack-riscv-none-elf-gcc-13.2.0-2\bin;E:\ProgramFiles4\hexdump-2.1.0;E:\ProgramFiles4\apache-jmeter-5.6.3\bin;E:\ProgramFiles4\allure\allure-2.27.0\bin;C:\Program Files\Google\Chrome\Application;C:\Program Files\NVIDIA Corporation\Nsight Compute 2023.3.1\;E:\ProgramFiles4\Python\Python376\Scripts;E:\ProgramFiles4\Python\Python380\Scripts;C:\Program Files (x86)\Windows Kits\10\Windows Performance Toolkit\;C:\Users\86136\AppData\Local\Microsoft\WindowsApps;D:\Program Files 2\IntelliJ IDEA Community Edition 2022.2.1\bin;C:\Users\86136\.dotnet\tools;E:\ProgramFiles4\PyCharm 2023.3.4\bin;E:\ProgramFiles4\IntelliJ IDEA 2023.3.5\bin;E:\Program Files 3\CLion 2023.1.4\bin;C:\Users\86136\AppData\Roaming\npm;E:\Program Files 3\Microsoft VS Code\bin;C:\Users\86136\.dotnet\tools;E:\ProgramFiles4\iverilog\bin;E:\ProgramFiles4\iverilog\gtkwave\bin;E:\ProgramFiles4\Graphviz\bin;C:\Users\86136\AppData\Local\JetBrains\Toolbox\scripts;;."/><property name="java.vendor" value="Oracle Corporation"/><property name="sun.io.unicode.encoding" value="UnicodeLittle"/><property name="java.class.path" value="C:\Users\86136\AppData\Roaming\JetBrains\IntelliJIdea2023.3\plugins\Scala\launcher\sbt-launch.jar"/><property name="java.vm.vendor" value="Oracle Corporation"/><property name="user.variant" value=""/><property name="jline.shutdownhook" value="false"/><property name="user.timezone" value="Asia/Shanghai"/><property name="java.vm.specification.version" value="17"/><property name="os.name" value="Windows 11"/><property name="sun.java.launcher" value="SUN_STANDARD"/><property name="user.country" value="CN"/><property name="sun.cpu.endian" value="little"/><property name="user.home" value="C:\Users\86136"/><property name="user.language" value="zh"/><property name="sbt.ipcsocket.tmpdir" value="C:\Users\86136\AppData\Local\Temp\.sbtd8f2ab37\ipcsocket"/><property name="swoval.tmpdir" value="C:\Users\86136\AppData\Local\Temp\.sbtd8f2ab37\swoval"/><property name="jline.esc.timeout" value="0"/><property name="path.separator" value=";"/><property name="os.version" value="10.0"/><property name="jna.nosys" value="true"/><property name="java.runtime.name" value="Java(TM) SE Runtime Environment"/><property name="sbt.log.noformat" value="true"/><property name="java.vm.name" value="Java HotSpot(TM) 64-Bit Server VM"/><property name="java.vendor.url.bug" value="https://bugreport.java.com/bugreport/"/><property name="user.dir" value="D:\ComputerScience\Projects\CPUdemo\hardware"/><property name="os.arch" value="amd64"/><property name="idea.managed" value="true"/><property name="java.vm.info" value="mixed mode, sharing"/><property name="java.vm.version" value="17.0.4.1+1-LTS-2"/><property name="java.class.version" value="61.0"/>
    </properties>
          <testcase classname="core.decode.ControlUnitTest" name="ALU should correctly do sth" time="0.194">
                      
                    </testcase>
          <system-out><![CDATA[]]></system-out>
          <system-err><![CDATA[]]></system-err>
        </testsuite>